Desculpe, agenda vazia!
Inserido com sucesso!
 Victor Coelho
 11111111111
 Rua 1 Numero 1
 1111111111
 11111111111
Listado com sucesso!
Inserido com sucesso!
Inserido com sucesso!
Inserido com sucesso!
 Victor Coelho
 11111111111
 Rua 1 Numero 1
 1111111111
 11111111111
 Alexandre Luciano Barbosa
 22222222222
 Rua 2 numero 2
 2222222222
 22222222222
 Carlos Eduardo Caetano Ramalho
 33333333333
 Rua 3 numero 3
 3333333333
 33333333333
 Daniel Pereira Ferragut
 44444444444
 Rua 4 numero 4
 4444444444
 44444444444
Listado com sucesso!
Desculpe, agenda vazia!
Inserido com sucesso!
Desculpe, agenda vazia!
 Victor Coelho
 11111111111
 Rua 1 Numero 1
 1111111111
 11111111111
 Alexandre Luciano Barbosa
 22222222222
 Rua 2 numero 2
 2222222222
 22222222222
 Carlos Eduardo Caetano Ramalho
 33333333333
 Rua 3 numero 3
 3333333333
 33333333333
 Daniel Pereira Ferragut
 44444444444
 Rua 4 numero 4
 4444444444
 44444444444
 Érico Iago Maldonado Faustino
 55555555555
 Rua 5 numero 5
 5555555555
 5555555555
Listado com sucesso!
Inserido com sucesso!
Inserido com sucesso!
Inserido com sucesso!
Inserido com sucesso!
Inserido com sucesso!
Desculpe, agenda lotada!
Desculpe, agenda lotada!
Desculpe, agenda lotada!
Desculpe, agenda lotada!
Desculpe, agenda lotada!
